-------------------------------------------------------
 T E S T S
-------------------------------------------------------
Running com.iguanalab.app.RoboCuke.RunCukesTest
Tests run: 1, Failures: 0, Errors: 1, Skipped: 0, Time elapsed: 0.672 sec <<< FAILURE! - in com.iguanalab.app.RoboCuke.RunCukesTest
runcukestest(com.iguanalab.app.RoboCuke.RunCukesTest)  Time elapsed: 0.613 sec  <<< ERROR!
cucumber.runtime.CucumberException: No backends were found. Please make sure you have a backend module on your CLASSPATH.
	at cucumber.runtime.Runtime.<init>(Runtime.java:78)
	at cucumber.runtime.Runtime.<init>(Runtime.java:67)
	at cucumber.runtime.Runtime.<init>(Runtime.java:63)
	at cucumber.api.junit.Cucumber.createRuntime(Cucumber.java:74)
	at cucumber.api.junit.Cucumber.<init>(Cucumber.java:61)
	at com.iguanalab.app.RoboCuke.RoboCucumber$MyHelperTestRunner.<init>(RoboCucumber.java:41)
	at com.iguanalab.app.RoboCuke.RoboCucumber.getHelperTestRunner(RoboCucumber.java:24)
	at org.robolectric.RobolectricTestRunner$2.evaluate(RobolectricTestRunner.java:223)
	at org.junit.runners.ParentRunner.runLeaf(ParentRunner.java:271)
	at org.junit.runners.BlockJUnit4ClassRunner.runChild(BlockJUnit4ClassRunner.java:70)
	at org.junit.runners.BlockJUnit4ClassRunner.runChild(BlockJUnit4ClassRunner.java:50)
	at org.junit.runners.ParentRunner$3.run(ParentRunner.java:238)
	at org.junit.runners.ParentRunner$1.schedule(ParentRunner.java:63)
	at org.junit.runners.ParentRunner.runChildren(ParentRunner.java:236)
	at org.junit.runners.ParentRunner.access$000(ParentRunner.java:53)
	at org.junit.runners.ParentRunner$2.evaluate(ParentRunner.java:229)
	at org.robolectric.RobolectricTestRunner$1.evaluate(RobolectricTestRunner.java:194)
	at org.junit.runners.ParentRunner.run(ParentRunner.java:309)
	at org.apache.maven.surefire.junit4.JUnit4Provider.execute(JUnit4Provider.java:264)
	at org.apache.maven.surefire.junit4.JUnit4Provider.executeTestSet(JUnit4Provider.java:153)
	at org.apache.maven.surefire.junit4.JUnit4Provider.invoke(JUnit4Provider.java:124)
	at org.apache.maven.surefire.booter.ForkedBooter.invokeProviderInSameClassLoader(ForkedBooter.java:200)
	at org.apache.maven.surefire.booter.ForkedBooter.runSuitesInProcess(ForkedBooter.java:153)
	at org.apache.maven.surefire.booter.ForkedBooter.main(ForkedBooter.java:103)


Results :

Tests in error:
  RunCukesTest.runcukestest Â» Cucumber No backends were found. Please make sure ...

Tests run: 1, Failures: 0, Errors: 1, Skipped: 0